<?xml version="1.0" encoding="UTF-8"?>
<testsuite name="com.unbosque.financialsystem.ClienteRepositoryTest" tests="1" skipped="0" failures="0" errors="0" timestamp="2026-05-29T04:42:24.555Z" hostname="DANIEL_TUF" time="5.337">
  <properties/>
  <testcase name="shouldSaveClient()" classname="com.unbosque.financialsystem.ClienteRepositoryTest" time="0.653"/>
  <system-out><![CDATA[23:42:24.815 [Test worker] INFO org.springframework.test.context.support.AnnotationConfigContextLoaderUtils -- Could not detect default configuration classes for test class [com.unbosque.financialsystem.ClienteRepositoryTest]: ClienteRepositoryTest does not declare any static, non-private, non-final, nested classes annotated with @Configuration.
23:42:25.031 [Test worker] INFO org.springframework.boot.test.context.SpringBootTestContextBootstrapper -- Found @SpringBootConfiguration com.unbosque.financialsystem.FinancialSystemApplication for test class com.unbosque.financialsystem.ClienteRepositoryTest

  .   ____          _            __ _ _
 /\\ / ___'_ __ _ _(_)_ __  __ _ \ \ \ \
( ( )\___ | '_ | '_| | '_ \/ _` | \ \ \ \
 \\/  ___)| |_)| | | | | || (_| |  ) ) ) )
  '  |____| .__|_| |_|_| |_\__, | / / / /
 =========|_|==============|___/=/_/_/_/

 :: Spring Boot ::                (v3.4.3)

2026-05-28T23:42:25.660-05:00  INFO 29084 --- [    Test worker] c.u.f.ClienteRepositoryTest              : Starting ClienteRepositoryTest using Java 21.0.6 with PID 29084 (started by daner in C:\Users\daner\Documents\Universidad El Bosque\Ingenieria de Software I\Taller Integrador\ISW1-ACT-MO_DR)
2026-05-28T23:42:25.661-05:00  INFO 29084 --- [    Test worker] c.u.f.ClienteRepositoryTest              : No active profile set, falling back to 1 default profile: "default"
2026-05-28T23:42:26.144-05:00  INFO 29084 --- [    Test worker] .s.d.r.c.RepositoryConfigurationDelegate : Bootstrapping Spring Data JPA repositories in DEFAULT mode.
2026-05-28T23:42:26.271-05:00  INFO 29084 --- [    Test worker] .s.d.r.c.RepositoryConfigurationDelegate : Finished Spring Data repository scanning in 110 ms. Found 3 JPA repository interfaces.
2026-05-28T23:42:26.345-05:00  INFO 29084 --- [    Test worker] beddedDataSourceBeanFactoryPostProcessor : Replacing 'dataSource' DataSource bean with embedded version
2026-05-28T23:42:26.532-05:00  INFO 29084 --- [    Test worker] o.s.j.d.e.EmbeddedDatabaseFactory        : Starting embedded database: url='jdbc:h2:mem:d1093dd6-9bb7-4c8a-a2d2-f59974967b33;DB_CLOSE_DELAY=-1;DB_CLOSE_ON_EXIT=false', username='sa'
2026-05-28T23:42:26.909-05:00  INFO 29084 --- [    Test worker] o.hibernate.jpa.internal.util.LogHelper  : HHH000204: Processing PersistenceUnitInfo [name: default]
2026-05-28T23:42:26.994-05:00  INFO 29084 --- [    Test worker] org.hibernate.Version                    : HHH000412: Hibernate ORM core version 6.6.8.Final
2026-05-28T23:42:27.036-05:00  INFO 29084 --- [    Test worker] o.h.c.internal.RegionFactoryInitiator    : HHH000026: Second-level cache disabled
2026-05-28T23:42:27.471-05:00  INFO 29084 --- [    Test worker] o.s.o.j.p.SpringPersistenceUnitInfo      : No LoadTimeWeaver setup: ignoring JPA class transformer
2026-05-28T23:42:27.563-05:00  INFO 29084 --- [    Test worker] org.hibernate.orm.connections.pooling    : HHH10001005: Database info:
	Database JDBC URL [Connecting through datasource 'org.springframework.jdbc.datasource.embedded.EmbeddedDatabaseFactory$EmbeddedDataSourceProxy@305aaedf']
	Database driver: undefined/unknown
	Database version: 2.4.240
	Autocommit mode: undefined/unknown
	Isolation level: undefined/unknown
	Minimum pool size: undefined/unknown
	Maximum pool size: undefined/unknown
2026-05-28T23:42:28.579-05:00  INFO 29084 --- [    Test worker] o.h.e.t.j.p.i.JtaPlatformInitiator       : HHH000489: No JTA platform available (set 'hibernate.transaction.jta.platform' to enable JTA platform integration)
Hibernate: create table cliente (numero_identificacion varchar(255) not null, correo_electronico varchar(255) not null, primer_apellido varchar(255) not null, primer_nombre varchar(255) not null, segundo_apellido varchar(255), segundo_nombre varchar(255), primary key (numero_identificacion))
Hibernate: create table franquicia (id bigint generated by default as identity, nombre varchar(255) not null, primary key (id))
Hibernate: create table tarjeta (numero varchar(255) not null, cupo_disponible numeric(38,2) not null, cupo_total numeric(38,2) not null, cupo_utilizado numeric(38,2), estado varchar(255) not null, fecha_vencimiento varchar(255) not null, cliente_id varchar(255), franquicia_id bigint, primary key (numero))
Hibernate: alter table if exists cliente drop constraint if exists UKf5xk6o6ydunq8d5c631t6eep7
Hibernate: alter table if exists cliente add constraint UKf5xk6o6ydunq8d5c631t6eep7 unique (correo_electronico)
Hibernate: alter table if exists franquicia drop constraint if exists UK7hx3cmom0h265eawr2surdowf
Hibernate: alter table if exists franquicia add constraint UK7hx3cmom0h265eawr2surdowf unique (nombre)
Hibernate: alter table if exists tarjeta add constraint FK64s3iwifnd3gi9pyigfrensvf foreign key (cliente_id) references cliente
Hibernate: alter table if exists tarjeta add constraint FKcndk2ownka98oa50rh05o8yke foreign key (franquicia_id) references franquicia
2026-05-28T23:42:28.667-05:00  INFO 29084 --- [    Test worker] j.LocalContainerEntityManagerFactoryBean : Initialized JPA EntityManagerFactory for persistence unit 'default'
2026-05-28T23:42:29.222-05:00  INFO 29084 --- [    Test worker] c.u.f.ClienteRepositoryTest              : Started ClienteRepositoryTest in 4.057 seconds (process running for 5.704)
Hibernate: select c1_0.numero_identificacion,c1_0.correo_electronico,c1_0.primer_apellido,c1_0.primer_nombre,c1_0.segundo_apellido,c1_0.segundo_nombre from cliente c1_0 where c1_0.numero_identificacion=?
]]></system-out>
  <system-err><![CDATA[Mockito is currently self-attaching to enable the inline-mock-maker. This will no longer work in future releases of the JDK. Please add Mockito as an agent to your build what is described in Mockito's documentation: https://javadoc.io/doc/org.mockito/mockito-core/latest/org/mockito/Mockito.html#0.3
WARNING: A Java agent has been loaded dynamically (C:\Users\daner\.gradle\caches\modules-2\files-2.1\net.bytebuddy\byte-buddy-agent\1.15.11\a38b16385e867f59a641330f0362ebe742788ed8\byte-buddy-agent-1.15.11.jar)
WARNING: If a serviceability tool is in use, please run with -XX:+EnableDynamicAgentLoading to hide this warning
WARNING: If a serviceability tool is not in use, please run with -Djdk.instrument.traceUsage for more information
WARNING: Dynamic loading of agents will be disallowed by default in a future release
]]></system-err>
</testsuite>
